2025-07-26 21:10:24 [INFO] ==================== Rozpoczęto przetwarzanie dla grupy: 'ME_DOWN_MET_1min' ====================
2025-07-26 21:10:25 [INFO] Znaleziono 3145 nowych/zmienionych plików do przetworzenia.
2025-07-26 21:10:25 [INFO] Etap 1: Rozpoczynanie równoległego wczytywania i przetwarzania plików...
2025-07-26 21:10:39 [INFO] Pomyślnie przetworzono 3075 z 3145 plików.
2025-07-26 21:10:39 [INFO] Etap 2: Rozpoczynanie zapisu danych rok po roku...
2025-07-26 21:10:39 [INFO] Grupowanie przetworzonych danych według lat...
2025-07-26 21:10:43 [INFO] Znaleziono dane dla 9 lat. Rozpoczynanie zapisu rocznego...
2025-07-26 21:10:43 [INFO] --- Przetwarzanie roku: 1989 ---
2025-07-26 21:10:43 [INFO] Zapisywanie 60 wierszy do pliku: E:\test_split\ME\1989\ME_DOWN_MET_1min.csv
2025-07-26 21:10:43 [INFO] --- Przetwarzanie roku: 2018 ---
2025-07-26 21:10:46 [INFO] Zapisywanie 380757 wierszy do pliku: E:\test_split\ME\2018\ME_DOWN_MET_1min.csv
2025-07-26 21:11:01 [INFO] --- Przetwarzanie roku: 2019 ---
2025-07-26 21:11:05 [INFO] Zapisywanie 520642 wierszy do pliku: E:\test_split\ME\2019\ME_DOWN_MET_1min.csv
2025-07-26 21:11:11 [INFO] --- Przetwarzanie roku: 2020 ---
2025-07-26 21:11:12 [INFO] Zapisywanie 346586 wierszy do pliku: E:\test_split\ME\2020\ME_DOWN_MET_1min.csv
2025-07-26 21:11:16 [INFO] --- Przetwarzanie roku: 2021 ---
2025-07-26 21:11:19 [INFO] Zapisywanie 202974 wierszy do pliku: E:\test_split\ME\2021\ME_DOWN_MET_1min.csv
2025-07-26 21:11:22 [INFO] --- Przetwarzanie roku: 2022 ---
2025-07-26 21:11:24 [INFO] Zapisywanie 494351 wierszy do pliku: E:\test_split\ME\2022\ME_DOWN_MET_1min.csv
2025-07-26 21:11:30 [INFO] --- Przetwarzanie roku: 2023 ---
2025-07-26 21:11:31 [INFO] Zapisywanie 365854 wierszy do pliku: E:\test_split\ME\2023\ME_DOWN_MET_1min.csv
